<?xml version="1.0" encoding="UTF-8"?>
<!-- Generated by org.testng.reporters.JUnitReportReporter -->
<testsuite hostname="DESKTOP-V07DUCD" failures="0" tests="1" name="pages.Execution" time="5.157" errors="0" timestamp="2022-07-20T20:42:00 IST" skipped="0">
  <testcase classname="pages.Execution" name="doctor_login_test" time="5.157"/>
  <system-out/>
</testsuite> <!-- pages.Execution -->
