<?xml version="1.0" encoding="UTF-8"?>
<!-- Generated by org.testng.reporters.JUnitReportReporter -->
<testsuite hostname="DESKTOP-V07DUCD" failures="0" tests="1" name="test_cases.Execution" time="8.336" errors="0" timestamp="2022-08-29T23:39:45 IST" skipped="0">
  <testcase classname="test_cases.Execution" name="loginTest" time="8.336"/>
  <system-out/>
</testsuite> <!-- test_cases.Execution -->
