<?xml version="1.0" encoding="UTF-8"?>
<!-- Generated by org.testng.reporters.JUnitReportReporter -->
<testsuite hostname="DESKTOP-V07DUCD" failures="0" tests="1" name="Run_1" time="10.279" errors="0" timestamp="2022-07-11T20:47:54 IST" skipped="0">
  <testcase classname="Run_1" name="test1" time="10.279"/>
  <system-out/>
</testsuite> <!-- Run_1 -->
